[2023-09-26 08:36:48,234] INFO _log() L187   * Restarting with stat - call_trace=C:\Users\marcelo.szalontai\OneDrive\Puc-RJ\Sprint 3 - Arquitetura de Software\MVP\Photo_Service\venv\Lib\site-packages\werkzeug\_internal.py L187 
[2023-09-26 08:36:50,398] INFO _log() L187   * Detected change in 'C:\\Users\\marcelo.szalontai\\OneDrive\\Puc-RJ\\Sprint 3 - Arquitetura de Software\\MVP\\Photo_Service\\model\\comment.py', reloading - call_trace=C:\Users\marcelo.szalontai\OneDrive\Puc-RJ\Sprint 3 - Arquitetura de Software\MVP\Photo_Service\venv\Lib\site-packages\werkzeug\_internal.py L187 
[2023-09-26 08:36:50,568] INFO _log() L187   * Restarting with stat - call_trace=C:\Users\marcelo.szalontai\OneDrive\Puc-RJ\Sprint 3 - Arquitetura de Software\MVP\Photo_Service\venv\Lib\site-packages\werkzeug\_internal.py L187 
[2023-09-26 08:36:52,957] INFO _log() L187   * Detected change in 'C:\\Users\\marcelo.szalontai\\OneDrive\\Puc-RJ\\Sprint 3 - Arquitetura de Software\\MVP\\Photo_Service\\model\\comment.py', reloading - call_trace=C:\Users\marcelo.szalontai\OneDrive\Puc-RJ\Sprint 3 - Arquitetura de Software\MVP\Photo_Service\venv\Lib\site-packages\werkzeug\_internal.py L187 
[2023-09-26 08:36:53,109] INFO _log() L187   * Restarting with stat - call_trace=C:\Users\marcelo.szalontai\OneDrive\Puc-RJ\Sprint 3 - Arquitetura de Software\MVP\Photo_Service\venv\Lib\site-packages\werkzeug\_internal.py L187 
[2023-09-26 08:36:55,313] INFO _log() L187   * Detected change in 'C:\\Users\\marcelo.szalontai\\OneDrive\\Puc-RJ\\Sprint 3 - Arquitetura de Software\\MVP\\Photo_Service\\model\\comment.py', reloading - call_trace=C:\Users\marcelo.szalontai\OneDrive\Puc-RJ\Sprint 3 - Arquitetura de Software\MVP\Photo_Service\venv\Lib\site-packages\werkzeug\_internal.py L187 
[2023-09-26 08:36:55,430] INFO _log() L187   * Restarting with stat - call_trace=C:\Users\marcelo.szalontai\OneDrive\Puc-RJ\Sprint 3 - Arquitetura de Software\MVP\Photo_Service\venv\Lib\site-packages\werkzeug\_internal.py L187 
[2023-09-26 08:37:31,685] INFO _log() L187   * Detected change in 'C:\\Users\\marcelo.szalontai\\OneDrive\\Puc-RJ\\Sprint 3 - Arquitetura de Software\\MVP\\Photo_Service\\model\\photo.py', reloading - call_trace=C:\Users\marcelo.szalontai\OneDrive\Puc-RJ\Sprint 3 - Arquitetura de Software\MVP\Photo_Service\venv\Lib\site-packages\werkzeug\_internal.py L187 
[2023-09-26 08:37:31,801] INFO _log() L187   * Restarting with stat - call_trace=C:\Users\marcelo.szalontai\OneDrive\Puc-RJ\Sprint 3 - Arquitetura de Software\MVP\Photo_Service\venv\Lib\site-packages\werkzeug\_internal.py L187 
[2023-09-26 08:37:34,900] INFO _log() L187   * Restarting with stat - call_trace=C:\Users\marcelo.szalontai\OneDrive\Puc-RJ\Sprint 3 - Arquitetura de Software\MVP\Photo_Service\venv\Lib\site-packages\werkzeug\_internal.py L187 
[2023-09-26 08:37:40,019] INFO _log() L187   * Detected change in 'C:\\Users\\marcelo.szalontai\\OneDrive\\Puc-RJ\\Sprint 3 - Arquitetura de Software\\MVP\\Photo_Service\\model\\photo.py', reloading - call_trace=C:\Users\marcelo.szalontai\OneDrive\Puc-RJ\Sprint 3 - Arquitetura de Software\MVP\Photo_Service\venv\Lib\site-packages\werkzeug\_internal.py L187 
[2023-09-26 08:37:40,168] INFO _log() L187   * Restarting with stat - call_trace=C:\Users\marcelo.szalontai\OneDrive\Puc-RJ\Sprint 3 - Arquitetura de Software\MVP\Photo_Service\venv\Lib\site-packages\werkzeug\_internal.py L187 
[2023-09-26 08:37:45,407] INFO _log() L187   * Detected change in 'C:\\Users\\marcelo.szalontai\\OneDrive\\Puc-RJ\\Sprint 3 - Arquitetura de Software\\MVP\\Photo_Service\\model\\photo.py', reloading - call_trace=C:\Users\marcelo.szalontai\OneDrive\Puc-RJ\Sprint 3 - Arquitetura de Software\MVP\Photo_Service\venv\Lib\site-packages\werkzeug\_internal.py L187 
[2023-09-26 08:37:45,547] INFO _log() L187   * Restarting with stat - call_trace=C:\Users\marcelo.szalontai\OneDrive\Puc-RJ\Sprint 3 - Arquitetura de Software\MVP\Photo_Service\venv\Lib\site-packages\werkzeug\_internal.py L187 
[2023-09-26 08:37:58,220] INFO _log() L187   * Detected change in 'C:\\Users\\marcelo.szalontai\\OneDrive\\Puc-RJ\\Sprint 3 - Arquitetura de Software\\MVP\\Photo_Service\\model\\base.py', reloading - call_trace=C:\Users\marcelo.szalontai\OneDrive\Puc-RJ\Sprint 3 - Arquitetura de Software\MVP\Photo_Service\venv\Lib\site-packages\werkzeug\_internal.py L187 
[2023-09-26 08:37:58,352] INFO _log() L187   * Restarting with stat - call_trace=C:\Users\marcelo.szalontai\OneDrive\Puc-RJ\Sprint 3 - Arquitetura de Software\MVP\Photo_Service\venv\Lib\site-packages\werkzeug\_internal.py L187 
[2023-09-26 08:38:54,071] INFO _log() L187  [31m[1mWARNING: This is a development server. Do not use it in a production deployment. Use a production WSGI server instead.[0m
 * Running on all addresses (0.0.0.0)
 * Running on http://127.0.0.1:5030
 * Running on http://192.168.0.20:5030 - call_trace=C:\Users\marcelo.szalontai\OneDrive\Puc-RJ\Sprint 3 - Arquitetura de Software\MVP\Photo_Service\venv\Lib\site-packages\werkzeug\_internal.py L187 
[2023-09-26 08:38:54,072] INFO _log() L187  [33mPress CTRL+C to quit[0m - call_trace=C:\Users\marcelo.szalontai\OneDrive\Puc-RJ\Sprint 3 - Arquitetura de Software\MVP\Photo_Service\venv\Lib\site-packages\werkzeug\_internal.py L187 
[2023-09-26 08:38:54,075] INFO _log() L187   * Restarting with stat - call_trace=C:\Users\marcelo.szalontai\OneDrive\Puc-RJ\Sprint 3 - Arquitetura de Software\MVP\Photo_Service\venv\Lib\site-packages\werkzeug\_internal.py L187 
